#
# There is insufficient memory for the Java Runtime Environment to continue.
# Native memory allocation (malloc) failed to allocate 1504848 bytes for Chunk::new
# Possible reasons:
#   The system is out of physical RAM or swap space
#   In 32 bit mode, the process size limit was hit
# Possible solutions:
#   Reduce memory load on the system
#   Increase physical memory or swap space
#   Check if swap backing store is full
#   Use 64 bit Java on a 64 bit OS
#   Decrease Java heap size (-Xmx/-Xms)
#   Decrease number of Java threads
#   Decrease Java thread stack sizes (-Xss)
#   Set larger code cache with -XX:ReservedCodeCacheSize=
# This output file may be truncated or incomplete.
#
#  Out of Memory Error (allocation.cpp:390), pid=4376, tid=0x0000000000003e2c
#
# JRE version: Java(TM) SE Runtime Environment (8.0_152-b16) (build 1.8.0_152-b16)
# Java VM: Java HotSpot(TM) 64-Bit Server VM (25.152-b16 mixed mode windows-amd64 compressed oops)
# Failed to write core dump. Minidumps are not enabled by default on client versions of Windows
#

---------------  T H R E A D  ---------------

Current thread (0x0000000033e47800):  JavaThread "C2 CompilerThread1" daemon [_thread_in_native, id=15916, stack(0x0000000034630000,0x0000000034730000)]

Stack: [0x0000000034630000,0x0000000034730000]
[error occurred during error reporting (printing stack bounds), id 0xc0000005]

Native frames: (J=compiled Java code, j=interpreted, Vv=VM code, C=native code)


Current CompileTask:
C2:1073699 10799       4       org.eclipse.jdt.internal.compiler.lookup.MethodVerifier15::checkMethods (1161 bytes)


---------------  P R O C E S S  ---------------

Java Threads: ( => current thread )
  0x0000000033ef3000 JavaThread "Service Thread" daemon [_thread_blocked, id=1000, stack(0x0000000034930000,0x0000000034a30000)]
  0x0000000033e4b000 JavaThread "C1 CompilerThread3" daemon [_thread_blocked, id=8612, stack(0x0000000034830000,0x0000000034930000)]
  0x0000000033e48800 JavaThread "C2 CompilerThread2" daemon [_thread_blocked, id=15928, stack(0x0000000034730000,0x0000000034830000)]
=>0x0000000033e47800 JavaThread "C2 CompilerThread1" daemon [_thread_in_native, id=15916, stack(0x0000000034630000,0x0000000034730000)]
  0x0000000033e42800 JavaThread "C2 CompilerThread0" daemon [_thread_blocked, id=7456, stack(0x0000000034530000,0x0000000034630000)]
  0x000000003392d800 JavaThread "Monitor Ctrl-Break" daemon [_thread_in_native, id=7920, stack(0x0000000034430000,0x0000000034530000)]
  0x00000000335c3800 JavaThread "Attach Listener" daemon [_thread_blocked, id=12632, stack(0x0000000033b30000,0x0000000033c30000)]
  0x000000003356e000 JavaThread "Signal Dispatcher" daemon [_thread_blocked, id=17208, stack(0x0000000033a30000,0x0000000033b30000)]
  0x000000000507e800 JavaThread "Finalizer" daemon [_thread_blocked, id=2712, stack(0x0000000033930000,0x0000000033a30000)]
  0x000000000507d000 JavaThread "Reference Handler" daemon [_thread_blocked, id=8976, stack(0x0000000033430000,0x0000000033530000)]
  0x0000000004f87000 JavaThread "main" [_thread_in_native, id=13600, stack(0x0000000004c80000,0x0000000004d80000)]

Other Threads:
  0x0000000031638000 VMThread [stack: 0x0000000033330000,0x0000000033430000] [id=14144]
  0x0000000033f83000 WatcherThread [stack: 0x0000000034a30000,0x0000000034b30000] [id=10904]

VM state:not at safepoint (normal execution)

VM Mutex/Monitor currently owned by a thread: None

Heap:
 PSYoungGen      total 2796544K, used 1646567K [0x00000006c0000000, 0x00000007c0000000, 0x00000007c0000000)
  eden space 1398784K, 95% used [0x00000006c0000000,0x0000000711f42bb8,0x0000000715600000)
  from space 1397760K, 21% used [0x000000076ab00000,0x000000077d3b72e0,0x00000007c0000000)
  to   space 1397760K, 0% used [0x0000000715600000,0x0000000715600000,0x000000076ab00000)
 ParOldGen       total 3288064K, used 1271806K [0x00000004c0000000, 0x0000000588b00000, 0x00000006c0000000)
  object space 3288064K, 38% used [0x00000004c0000000,0x000000050d9ff940,0x0000000588b00000)
 Metaspace       used 19520K, capacity 19698K, committed 19968K, reserved 1067008K
  class space    used 1442K, capacity 1501K, committed 1536K, reserved 1048576K

Card table byte_map: [0x0000000014440000,0x0000000015c50000] byte_map_base: 0x0000000011e40000

Marking Bits: (ParMarkBitMap*) 0x000000005c7c0860
 Begin Bits: [0x0000000017450000, 0x0000000023450000)
 End Bits:   [0x0000000023450000, 0x000000002f450000)

Polling page: 0x0000000002a40000

CodeCache: size=245760Kb used=30386Kb max_used=30777Kb free=215373Kb
 bounds [0x0000000005080000, 0x0000000006fe0000, 0x0000000014080000]
 total_blobs=6409 nmethods=6032 adapters=284
 compilation: enabled

Compilation events (10 events):
Event: 1073.147 Thread 0x0000000033e48800 nmethod 10795 0x0000000005887c10 code [0x0000000005887d60, 0x0000000005887e38]
Event: 1073.180 Thread 0x0000000033e47800 10796       4       org.eclipse.jdt.internal.compiler.codegen.CodeStream::writePosition (83 bytes)
Event: 1073.181 Thread 0x0000000033e42800 10797   !   4       org.eclipse.jdt.core.dom.ASTConverter::recordNodes (709 bytes)
Event: 1073.184 Thread 0x0000000033e47800 nmethod 10796 0x0000000005ed8110 code [0x0000000005ed8280, 0x0000000005ed85f0]
Event: 1073.217 Thread 0x0000000033e48800 10798       4       org.eclipse.jdt.internal.compiler.lookup.UnresolvedReferenceBinding::resolve (236 bytes)
Event: 1073.218 Thread 0x0000000033e47800 10799       4       org.eclipse.jdt.internal.compiler.lookup.MethodVerifier15::checkMethods (1161 bytes)
Event: 1073.281 Thread 0x0000000033e42800 nmethod 10797 0x000000000662cfd0 code [0x000000000662d3e0, 0x00000000066312c8]
Event: 1073.359 Thread 0x0000000033e48800 nmethod 10798 0x00000000054f5ad0 code [0x00000000054f5f00, 0x00000000054f9268]
Event: 1073.425 Thread 0x0000000033e42800 10800       4       org.eclipse.jdt.internal.compiler.codegen.TypeAnnotationCodeStream::newArray (34 bytes)
Event: 1073.430 Thread 0x0000000033e42800 nmethod 10800 0x0000000006a33bd0 code [0x0000000006a33de0, 0x0000000006a344e8]

GC Heap History (10 events):
Event: 1027.737 GC heap before
{Heap before GC invocations=80 (full 14):
 PSYoungGen      total 2773504K, used 2300851K [0x00000006c0000000, 0x00000007c0000000, 0x00000007c0000000)
  eden space 1375744K, 100% used [0x00000006c0000000,0x0000000713f80000,0x0000000713f80000)
  from space 1397760K, 66% used [0x0000000713f80000,0x000000074c6ecca8,0x0000000769480000)
  to   space 1397760K, 0% used [0x000000076ab00000,0x000000076ab00000,0x00000007c0000000)
 ParOldGen       total 3288064K, used 2399490K [0x00000004c0000000, 0x0000000588b00000, 0x00000006c0000000)
  object space 3288064K, 72% used [0x00000004c0000000,0x0000000552740ab0,0x0000000588b00000)
 Metaspace       used 19446K, capacity 19570K, committed 19712K, reserved 1067008K
  class space    used 1442K, capacity 1501K, committed 1536K, reserved 1048576K
Event: 1028.080 GC heap after
Heap after GC invocations=80 (full 14):
 PSYoungGen      total 2796544K, used 758098K [0x00000006c0000000, 0x00000007c0000000, 0x00000007c0000000)
  eden space 1398784K, 0% used [0x00000006c0000000,0x00000006c0000000,0x0000000715600000)
  from space 1397760K, 54% used [0x000000076ab00000,0x0000000798f54a88,0x00000007c0000000)
  to   space 1397760K, 0% used [0x0000000715600000,0x0000000715600000,0x000000076ab00000)
 ParOldGen       total 3288064K, used 2788858K [0x00000004c0000000, 0x0000000588b00000, 0x00000006c0000000)
  object space 3288064K, 84% used [0x00000004c0000000,0x000000056a37e8e8,0x0000000588b00000)
 Metaspace       used 19446K, capacity 19570K, committed 19712K, reserved 1067008K
  class space    used 1442K, capacity 1501K, committed 1536K, reserved 1048576K
}
Event: 1028.080 GC heap before
{Heap before GC invocations=81 (full 15):
 PSYoungGen      total 2796544K, used 758098K [0x00000006c0000000, 0x00000007c0000000, 0x00000007c0000000)
  eden space 1398784K, 0% used [0x00000006c0000000,0x00000006c0000000,0x0000000715600000)
  from space 1397760K, 54% used [0x000000076ab00000,0x0000000798f54a88,0x00000007c0000000)
  to   space 1397760K, 0% used [0x0000000715600000,0x0000000715600000,0x000000076ab00000)
 ParOldGen       total 3288064K, used 2788858K [0x00000004c0000000, 0x0000000588b00000, 0x00000006c0000000)
  object space 3288064K, 84% used [0x00000004c0000000,0x000000056a37e8e8,0x0000000588b00000)
 Metaspace       used 19446K, capacity 19570K, committed 19712K, reserved 1067008K
  class space    used 1442K, capacity 1501K, committed 1536K, reserved 1048576K
Event: 1033.446 GC heap after
Heap after GC invocations=81 (full 15):
 PSYoungGen      total 2796544K, used 91024K [0x00000006c0000000, 0x00000007c0000000, 0x00000007c0000000)
  eden space 1398784K, 0% used [0x00000006c0000000,0x00000006c0000000,0x0000000715600000)
  from space 1397760K, 6% used [0x000000076ab00000,0x00000007703e42e8,0x00000007c0000000)
  to   space 1397760K, 0% used [0x0000000715600000,0x0000000715600000,0x000000076ab00000)
 ParOldGen       total 3288064K, used 3287978K [0x00000004c0000000, 0x0000000588b00000, 0x00000006c0000000)
  object space 3288064K, 99% used [0x00000004c0000000,0x0000000588aea930,0x0000000588b00000)
 Metaspace       used 19446K, capacity 19570K, committed 19712K, reserved 1067008K
  class space    used 1442K, capacity 1501K, committed 1536K, reserved 1048576K
}
Event: 1057.823 GC heap before
{Heap before GC invocations=82 (full 16):
 PSYoungGen      total 2796544K, used 1489808K [0x00000006c0000000, 0x00000007c0000000, 0x00000007c0000000)
  eden space 1398784K, 100% used [0x00000006c0000000,0x0000000715600000,0x0000000715600000)
  from space 1397760K, 6% used [0x000000076ab00000,0x00000007703e42e8,0x00000007c0000000)
  to   space 1397760K, 0% used [0x0000000715600000,0x0000000715600000,0x000000076ab00000)
 ParOldGen       total 3288064K, used 3287978K [0x00000004c0000000, 0x0000000588b00000, 0x00000006c0000000)
  object space 3288064K, 99% used [0x00000004c0000000,0x0000000588aea930,0x0000000588b00000)
 Metaspace       used 19456K, capacity 19570K, committed 19712K, reserved 1067008K
  class space    used 1442K, capacity 1501K, committed 1536K, reserved 1048576K
Event: 1058.439 GC heap after
Heap after GC invocations=82 (full 16):
 PSYoungGen      total 2796544K, used 0K [0x00000006c0000000, 0x00000007c0000000, 0x00000007c0000000)
  eden space 1398784K, 0% used [0x00000006c0000000,0x00000006c0000000,0x0000000715600000)
  from space 1397760K, 0% used [0x000000076ab00000,0x000000076ab00000,0x00000007c0000000)
  to   space 1397760K, 0% used [0x0000000715600000,0x0000000715600000,0x000000076ab00000)
 ParOldGen       total 3288064K, used 1099150K [0x00000004c0000000, 0x0000000588b00000, 0x00000006c0000000)
  object space 3288064K, 33% used [0x00000004c0000000,0x0000000503163840,0x0000000588b00000)
 Metaspace       used 19456K, capacity 19570K, committed 19712K, reserved 1067008K
  class space    used 1442K, capacity 1501K, committed 1536K, reserved 1048576K
}
Event: 1066.009 GC heap before
{Heap before GC invocations=83 (full 16):
 PSYoungGen      total 2796544K, used 1398784K [0x00000006c0000000, 0x00000007c0000000, 0x00000007c0000000)
  eden space 1398784K, 100% used [0x00000006c0000000,0x0000000715600000,0x0000000715600000)
  from space 1397760K, 0% used [0x000000076ab00000,0x000000076ab00000,0x00000007c0000000)
  to   space 1397760K, 0% used [0x0000000715600000,0x0000000715600000,0x000000076ab00000)
 ParOldGen       total 3288064K, used 1099150K [0x00000004c0000000, 0x0000000588b00000, 0x00000006c0000000)
  object space 3288064K, 33% used [0x00000004c0000000,0x0000000503163840,0x0000000588b00000)
 Metaspace       used 19486K, capacity 19698K, committed 19968K, reserved 1067008K
  class space    used 1442K, capacity 1501K, committed 1536K, reserved 1048576K
Event: 1066.075 GC heap after
Heap after GC invocations=83 (full 16):
 PSYoungGen      total 2796544K, used 172282K [0x00000006c0000000, 0x00000007c0000000, 0x00000007c0000000)
  eden space 1398784K, 0% used [0x00000006c0000000,0x00000006c0000000,0x0000000715600000)
  from space 1397760K, 12% used [0x0000000715600000,0x000000071fe3e8b8,0x000000076ab00000)
  to   space 1397760K, 0% used [0x000000076ab00000,0x000000076ab00000,0x00000007c0000000)
 ParOldGen       total 3288064K, used 1099150K [0x00000004c0000000, 0x0000000588b00000, 0x00000006c0000000)
  object space 3288064K, 33% used [0x00000004c0000000,0x0000000503163840,0x0000000588b00000)
 Metaspace       used 19486K, capacity 19698K, committed 19968K, reserved 1067008K
  class space    used 1442K, capacity 1501K, committed 1536K, reserved 1048576K
}
Event: 1067.127 GC heap before
{Heap before GC invocations=84 (full 16):
 PSYoungGen      total 2796544K, used 1571066K [0x00000006c0000000, 0x00000007c0000000, 0x00000007c0000000)
  eden space 1398784K, 100% used [0x00000006c0000000,0x0000000715600000,0x0000000715600000)
  from space 1397760K, 12% used [0x0000000715600000,0x000000071fe3e8b8,0x000000076ab00000)
  to   space 1397760K, 0% used [0x000000076ab00000,0x000000076ab00000,0x00000007c0000000)
 ParOldGen       total 3288064K, used 1099150K [0x00000004c0000000, 0x0000000588b00000, 0x00000006c0000000)
  object space 3288064K, 33% used [0x00000004c0000000,0x0000000503163840,0x0000000588b00000)
 Metaspace       used 19489K, capacity 19698K, committed 19968K, reserved 1067008K
  class space    used 1442K, capacity 1501K, committed 1536K, reserved 1048576K
Event: 1067.243 GC heap after
Heap after GC invocations=84 (full 16):
 PSYoungGen      total 2796544K, used 303836K [0x00000006c0000000, 0x00000007c0000000, 0x00000007c0000000)
  eden space 1398784K, 0% used [0x00000006c0000000,0x00000006c0000000,0x0000000715600000)
  from space 1397760K, 21% used [0x000000076ab00000,0x000000077d3b72e0,0x00000007c0000000)
  to   space 1397760K, 0% used [0x0000000715600000,0x0000000715600000,0x000000076ab00000)
 ParOldGen       total 3288064K, used 1271806K [0x00000004c0000000, 0x0000000588b00000, 0x00000006c0000000)
  object space 3288064K, 38% used [0x00000004c0000000,0x000000050d9ff940,0x0000000588b00000)
 Metaspace       used 19489K, capacity 19698K, committed 19968K, reserved 1067008K
  class space    used 1442K, capacity 1501K, committed 1536K, reserved 1048576K
}

Deoptimization events (10 events):
Event: 1072.959 Thread 0x0000000004f87000 Uncommon trap: reason=unstable_if action=reinterpret pc=0x0000000005bcbf94 method=org.eclipse.jdt.internal.compiler.lookup.WildcardBinding.isProperType(Z)Z @ 107
Event: 1072.959 Thread 0x0000000004f87000 Uncommon trap: reason=bimorphic action=maybe_recompile pc=0x000000000626e1f0 method=org.eclipse.jdt.internal.compiler.lookup.WildcardBinding.isProperType(Z)Z @ 89
Event: 1072.959 Thread 0x0000000004f87000 Uncommon trap: reason=bimorphic action=maybe_recompile pc=0x000000000626e1f0 method=org.eclipse.jdt.internal.compiler.lookup.WildcardBinding.isProperType(Z)Z @ 89
Event: 1072.959 Thread 0x0000000004f87000 Uncommon trap: reason=bimorphic action=maybe_recompile pc=0x000000000626e1f0 method=org.eclipse.jdt.internal.compiler.lookup.WildcardBinding.isProperType(Z)Z @ 89
Event: 1072.959 Thread 0x0000000004f87000 Uncommon trap: reason=bimorphic action=maybe_recompile pc=0x000000000626e1f0 method=org.eclipse.jdt.internal.compiler.lookup.WildcardBinding.isProperType(Z)Z @ 89
Event: 1073.128 Thread 0x0000000004f87000 Uncommon trap: reason=speculate_class_check action=maybe_recompile pc=0x0000000006c77c34 method=org.eclipse.jdt.core.dom.Type.isSimpleType()Z @ 1
Event: 1073.165 Thread 0x0000000004f87000 Uncommon trap: reason=bimorphic action=maybe_recompile pc=0x0000000006d3a20c method=org.eclipse.jdt.internal.compiler.lookup.MethodVerifier15.isMethodSubsignature(Lorg/eclipse/jdt/internal/compiler/lookup/MethodBinding;Lorg/eclipse/jdt/internal/compiler/l
Event: 1073.165 Thread 0x0000000004f87000 Uncommon trap: reason=bimorphic action=maybe_recompile pc=0x0000000006d3a20c method=org.eclipse.jdt.internal.compiler.lookup.MethodVerifier15.isMethodSubsignature(Lorg/eclipse/jdt/internal/compiler/lookup/MethodBinding;Lorg/eclipse/jdt/internal/compiler/l
Event: 1073.165 Thread 0x0000000004f87000 Uncommon trap: reason=bimorphic action=maybe_recompile pc=0x0000000006d3a20c method=org.eclipse.jdt.internal.compiler.lookup.MethodVerifier15.isMethodSubsignature(Lorg/eclipse/jdt/internal/compiler/lookup/MethodBinding;Lorg/eclipse/jdt/internal/compiler/l
Event: 1073.246 Thread 0x0000000004f87000 Uncommon trap: reason=class_check action=maybe_recompile pc=0x00000000059dc254 method=org.eclipse.jdt.internal.compiler.lookup.ParameterizedTypeBinding.genericTypeSignature()[C @ 23

Classes redefined (0 events):
No events

Internal exceptions (10 events):
Event: 1058.936 Thread 0x0000000004f87000 Exception <a 'java/lang/ArrayIndexOutOfBoundsException'> (0x00000006c2e1ae40) thrown at [C:\re\workspace\8-2-build-windows-amd64-cygwin\jdk8u152\9742\hotspot\src\share\vm\runtime\sharedRuntime.cpp, line 605]
Event: 1058.939 Thread 0x0000000004f87000 Exception <a 'java/lang/ArrayIndexOutOfBoundsException'> (0x00000006c2e4dbd0) thrown at [C:\re\workspace\8-2-build-windows-amd64-cygwin\jdk8u152\9742\hotspot\src\share\vm\runtime\sharedRuntime.cpp, line 605]
Event: 1058.944 Thread 0x0000000004f87000 Exception <a 'java/lang/ArrayIndexOutOfBoundsException'> (0x00000006c2e957c0) thrown at [C:\re\workspace\8-2-build-windows-amd64-cygwin\jdk8u152\9742\hotspot\src\share\vm\runtime\sharedRuntime.cpp, line 605]
Event: 1058.947 Thread 0x0000000004f87000 Exception <a 'java/lang/ArrayIndexOutOfBoundsException'> (0x00000006c2ec86e0) thrown at [C:\re\workspace\8-2-build-windows-amd64-cygwin\jdk8u152\9742\hotspot\src\share\vm\runtime\sharedRuntime.cpp, line 605]
Event: 1065.345 Thread 0x0000000004f87000 Implicit null exception at 0x0000000005d23780 to 0x0000000005d238fd
Event: 1069.140 Thread 0x0000000004f87000 Implicit null exception at 0x00000000055098d8 to 0x000000000550b37d
Event: 1071.767 Thread 0x0000000004f87000 Implicit null exception at 0x0000000005b67951 to 0x0000000005b69dc9
Event: 1071.767 Thread 0x0000000004f87000 Implicit null exception at 0x0000000005fef38c to 0x0000000005fef545
Event: 1072.028 Thread 0x0000000004f87000 Implicit null exception at 0x0000000006c80b38 to 0x0000000006c80c28
Event: 1072.449 Thread 0x0000000004f87000 Implicit null exception at 0x000000000675af70 to 0x000000000675c611

Events (10 events):
Event: 1073.165 Thread 0x0000000004f87000 DEOPT UNPACKING pc=0x00000000050c582a sp=0x0000000004d7ec40 mode 2
Event: 1073.165 Thread 0x0000000004f87000 Uncommon trap: trap_request=0xffffffc6 fr.pc=0x0000000006d3a20c
Event: 1073.165 Thread 0x0000000004f87000 DEOPT PACKING pc=0x0000000006d3a20c sp=0x0000000004d7ed30
Event: 1073.165 Thread 0x0000000004f87000 DEOPT UNPACKING pc=0x00000000050c582a sp=0x0000000004d7ec40 mode 2
Event: 1073.165 Thread 0x0000000004f87000 Uncommon trap: trap_request=0xffffffc6 fr.pc=0x0000000006d3a20c
Event: 1073.165 Thread 0x0000000004f87000 DEOPT PACKING pc=0x0000000006d3a20c sp=0x0000000004d7ed30
Event: 1073.165 Thread 0x0000000004f87000 DEOPT UNPACKING pc=0x00000000050c582a sp=0x0000000004d7ec40 mode 2
Event: 1073.246 Thread 0x0000000004f87000 Uncommon trap: trap_request=0xffffffde fr.pc=0x00000000059dc254
Event: 1073.246 Thread 0x0000000004f87000 DEOPT PACKING pc=0x00000000059dc254 sp=0x0000000004d7ead0
Event: 1073.246 Thread 0x0000000004f87000 DEOPT UNPACKING pc=0x00000000050c582a sp=0x0000000004d7eaf0 mode 2


Dynamic libraries:
0x00007ff64fe70000 - 0x00007ff64fea7000 	C:\Program Files\Java\jdk1.8.0_152\bin\java.exe
0x00007ffe05c80000 - 0x00007ffe05e60000 	C:\WINDOWS\SYSTEM32\ntdll.dll
0x00007ffe058a0000 - 0x00007ffe0594e000 	C:\WINDOWS\System32\KERNEL32.DLL
0x00007ffe02b40000 - 0x00007ffe02da6000 	C:\WINDOWS\System32\KERNELBASE.dll
0x00007ffe057f0000 - 0x00007ffe05891000 	C:\WINDOWS\System32\ADVAPI32.dll
0x00007ffe05b50000 - 0x00007ffe05bed000 	C:\WINDOWS\System32\msvcrt.dll
0x00007ffe03880000 - 0x00007ffe038db000 	C:\WINDOWS\System32\sechost.dll
0x00007ffe03690000 - 0x00007ffe037af000 	C:\WINDOWS\System32\RPCRT4.dll
0x00007ffe05150000 - 0x00007ffe052df000 	C:\WINDOWS\System32\USER32.dll
0x00007ffe03080000 - 0x00007ffe030a0000 	C:\WINDOWS\System32\win32u.dll
0x00007ffe057c0000 - 0x00007ffe057e8000 	C:\WINDOWS\System32\GDI32.dll
0x00007ffe02080000 - 0x00007ffe02213000 	C:\WINDOWS\System32\gdi32full.dll
0x00007ffe02a20000 - 0x00007ffe02abb000 	C:\WINDOWS\System32\msvcp_win.dll
0x00007ffe02f80000 - 0x00007ffe03076000 	C:\WINDOWS\System32\ucrtbase.dll
0x00007ffdf8620000 - 0x00007ffdf8889000 	C:\WINDOWS\WinSxS\amd64_microsoft.windows.common-controls_6595b64144ccf1df_6.0.16299.125_none_15cbcf8893620c09\COMCTL32.dll
0x00007ffe038f0000 - 0x00007ffe03bf8000 	C:\WINDOWS\System32\combase.dll
0x00007ffe02ac0000 - 0x00007ffe02b32000 	C:\WINDOWS\System32\bcryptPrimitives.dll
0x00007ffe03200000 - 0x00007ffe0322d000 	C:\WINDOWS\System32\IMM32.DLL
0x000000005c840000 - 0x000000005c912000 	C:\Program Files\Java\jdk1.8.0_152\jre\bin\msvcr100.dll
0x000000005bfa0000 - 0x000000005c840000 	C:\Program Files\Java\jdk1.8.0_152\jre\bin\server\jvm.dll
0x00007ffe03680000 - 0x00007ffe03688000 	C:\WINDOWS\System32\PSAPI.DLL
0x00007ffdf5610000 - 0x00007ffdf5633000 	C:\WINDOWS\SYSTEM32\WINMM.dll
0x00007ffdf9250000 - 0x00007ffdf925a000 	C:\WINDOWS\SYSTEM32\VERSION.dll
0x00007ffdf5670000 - 0x00007ffdf5679000 	C:\WINDOWS\SYSTEM32\WSOCK32.dll
0x00007ffe053e0000 - 0x00007ffe0544c000 	C:\WINDOWS\System32\WS2_32.dll
0x00007ffdf55e0000 - 0x00007ffdf560a000 	C:\WINDOWS\SYSTEM32\winmmbase.dll
0x00007ffe03100000 - 0x00007ffe0314a000 	C:\WINDOWS\System32\cfgmgr32.dll
0x000000005bf90000 - 0x000000005bf9f000 	C:\Program Files\Java\jdk1.8.0_152\jre\bin\verify.dll
0x000000005bf60000 - 0x000000005bf89000 	C:\Program Files\Java\jdk1.8.0_152\jre\bin\java.dll
0x000000005bd10000 - 0x000000005bd33000 	C:\Program Files\Java\jdk1.8.0_152\jre\bin\instrument.dll
0x000000005bee0000 - 0x000000005bef6000 	C:\Program Files\Java\jdk1.8.0_152\jre\bin\zip.dll
0x00007ffe03d10000 - 0x00007ffe05146000 	C:\WINDOWS\System32\SHELL32.dll
0x00007ffe03150000 - 0x00007ffe031f6000 	C:\WINDOWS\System32\shcore.dll
0x00007ffe022d0000 - 0x00007ffe02a17000 	C:\WINDOWS\System32\windows.storage.dll
0x00007ffe05bf0000 - 0x00007ffe05c41000 	C:\WINDOWS\System32\shlwapi.dll
0x00007ffe02010000 - 0x00007ffe02021000 	C:\WINDOWS\System32\kernel.appcore.dll
0x00007ffe02030000 - 0x00007ffe0207c000 	C:\WINDOWS\System32\powrprof.dll
0x00007ffe01fd0000 - 0x00007ffe01feb000 	C:\WINDOWS\System32\profapi.dll
0x00007ffdd3f30000 - 0x00007ffdd3f4a000 	C:\Program Files\JetBrains\IntelliJ IDEA 2017.3\bin\breakgen64.dll
0x000000005bcf0000 - 0x000000005bd0a000 	C:\Program Files\Java\jdk1.8.0_152\jre\bin\net.dll
0x00007ffe01800000 - 0x00007ffe01866000 	C:\WINDOWS\system32\mswsock.dll

VM Arguments:
jvm_args: -Xmx12g -javaagent:C:\Program Files\JetBrains\IntelliJ IDEA 2017.3\lib\idea_rt.jar=59173:C:\Program Files\JetBrains\IntelliJ IDEA 2017.3\bin -Dfile.encoding=UTF-8 
java_command: com.liwp.reco.api.context.test
java_class_path (initial): C:\Program Files\Java\jdk1.8.0_152\jre\lib\charsets.jar;C:\Program Files\Java\jdk1.8.0_152\jre\lib\deploy.jar;C:\Program Files\Java\jdk1.8.0_152\jre\lib\ext\access-bridge-64.jar;C:\Program Files\Java\jdk1.8.0_152\jre\lib\ext\cldrdata.jar;C:\Program Files\Java\jdk1.8.0_152\jre\lib\ext\dnsns.jar;C:\Program Files\Java\jdk1.8.0_152\jre\lib\ext\jaccess.jar;C:\Program Files\Java\jdk1.8.0_152\jre\lib\ext\jfxrt.jar;C:\Program Files\Java\jdk1.8.0_152\jre\lib\ext\localedata.jar;C:\Program Files\Java\jdk1.8.0_152\jre\lib\ext\nashorn.jar;C:\Program Files\Java\jdk1.8.0_152\jre\lib\ext\sunec.jar;C:\Program Files\Java\jdk1.8.0_152\jre\lib\ext\sunjce_provider.jar;C:\Program Files\Java\jdk1.8.0_152\jre\lib\ext\sunmscapi.jar;C:\Program Files\Java\jdk1.8.0_152\jre\lib\ext\sunpkcs11.jar;C:\Program Files\Java\jdk1.8.0_152\jre\lib\ext\zipfs.jar;C:\Program Files\Java\jdk1.8.0_152\jre\lib\javaws.jar;C:\Program Files\Java\jdk1.8.0_152\jre\lib\jce.jar;C:\Program Files\Java\jdk1.8.0_152\jre\lib\jfr.jar;C:\Program Files\Java\jdk1.8.0_152\jre\lib\jfxswt.jar;C:\Program Files\Java\jdk1.8.0_152\jre\lib\jsse.jar;C:\Program Files\Java\jdk1.8.0_152\jre\lib\management-agent.jar;C:\Program Files\Java\jdk1.8.0_152\jre\lib\plugin.jar;C:\Program Files\Java\jdk1.8.0_152\jre\lib\resources.jar;C:\Program Files\Java\jdk1.8.0_152\jre\lib\rt.jar;E:\code\cart\target\classes;C:\Users\dell\.m2\repository\org\springframework\boot\spring-boot-starter-web\1.5.4.RELEASE\spring-boot-starter-web-1.5.4.RELEASE.jar;C:\Users\dell\.m2\repository\org\springframework\boot\spring-boot-starter\1.5.4.RELEASE\spring-boot-starter-1.5.4.RELEASE.jar;C:\Users\dell\.m2\repository\org\springframework\boot\spring-boot\1.5.4.RELEASE\spring-boot-1.5.4.RELEASE.jar;C:\Users\dell\.m2\repository\org\springframework\boot\spring-boot-autoconfigure\1.5.4.RELEASE\spring-boot-autoconfigure-1.5.4.RELEASE.jar;C:\Users\dell\.m2\repository\org\springframework\boot\spring-boot-starter-logging\1.5.4.RELEASE\spring-boot-start
Launcher Type: SUN_STANDARD

Environment Variables:
PATH=C:\ProgramData\Oracle\Java\javapath;C:\WINDOWS\system32;C:\WINDOWS;C:\WINDOWS\System32\Wbem;C:\WINDOWS\System32\WindowsPowerShell\v1.0\;C:\Program Files (x86)\PuTTY\;C:\Program Files\Git\cmd;C:\Users\dell\Anaconda3;C:\Users\dell\Anaconda3\Library\mingw-w64\bin;C:\Users\dell\Anaconda3\Library\usr\bin;C:\Users\dell\Anaconda3\Library\bin;C:\Users\dell\Anaconda3\Scripts;C:\Users\dell\AppData\Local\Microsoft\WindowsApps
USERNAME=dell
OS=Windows_NT
PROCESSOR_IDENTIFIER=Intel64 Family 6 Model 158 Stepping 9, GenuineIntel



---------------  S Y S T E M  ---------------

OS: Windows 10.0 , 64 bit Build 16299 (10.0.16299.15)

CPU:total 8 (initial active 8) (4 cores per cpu, 2 threads per core) family 6 model 158 stepping 9, cmov, cx8, fxsr, mmx, sse, sse2, sse3, ssse3, sse4.1, sse4.2, popcnt, avx, avx2, aes, clmul, erms, rtm, 3dnowpref, lzcnt, ht, tsc, tscinvbit, bmi1, bmi2, adx

Memory: 4k page, physical 16676532k(2755788k free), swap 47036060k(5196k free)

vm_info: Java HotSpot(TM) 64-Bit Server VM (25.152-b16) for windows-amd64 JRE (1.8.0_152-b16), built on Sep 14 2017 02:29:36 by "java_re" with MS VC++ 10.0 (VS2010)

time: Sun Jan 14 15:15:51 2018
elapsed time: 1073 seconds (0d 0h 17m 53s)

